\BOOKMARK [0][-]{chapter.1}{\376\377\000A\000d\000m\000i\000n\000i\000s\000t\000r\000a\000t\000i\000o\000n\000\040\000C\000o\000n\000c\000e\000s\000s\000i\000o\000n\000\040\000S\000y\000s\000t\000e\000m}{}% 1
\BOOKMARK [1][-]{section.1.1}{\376\377\000A\000d\000m\000i\000n\000i\000s\000t\000r\000a\000t\000i\000o\000n\000\040\000C\000o\000n\000c\000e\000s\000s\000i\000o\000n\000\040\000S\000y\000s\000t\000e\000m\000\040\000A\000u\000t\000h\000o\000r\000i\000z\000a\000t\000i\000o\000n\000\040\000S\000e\000r\000v\000i\000c\000e}{chapter.1}% 2
\BOOKMARK [2][-]{subsection.1.1.1}{\376\377\000A\000P\000I\000\040\000D\000o\000c\000u\000m\000e\000n\000t\000a\000t\000i\000o\000n}{section.1.1}% 3
\BOOKMARK [2][-]{subsection.1.1.2}{\376\377\000C\000o\000m\000m\000a\000n\000d\000s}{section.1.1}% 4
\BOOKMARK [2][-]{subsection.1.1.3}{\376\377\000Q\000u\000e\000r\000i\000e\000s}{section.1.1}% 5
\BOOKMARK [2][-]{subsection.1.1.4}{\376\377\000I\000n\000b\000o\000x\000\040\000E\000v\000e\000n\000t\000s}{section.1.1}% 6
\BOOKMARK [2][-]{subsection.1.1.5}{\376\377\000O\000u\000t\000b\000o\000x\000\040\000E\000v\000e\000n\000t\000s}{section.1.1}% 7
\BOOKMARK [1][-]{section.1.2}{\376\377\000A\000u\000t\000h\000o\000r\000i\000z\000a\000t\000i\000o\000n\000\040\000S\000e\000r\000v\000i\000c\000e\000\040\000D\000a\000t\000a\000b\000a\000s\000e\000\040\000D\000o\000c\000u\000m\000e\000n\000t\000a\000t\000i\000o\000n}{chapter.1}% 8
\BOOKMARK [2][-]{subsection.1.2.1}{\376\377\000U\000s\000e\000r\000D\000o\000c\000u\000m\000e\000n\000t}{section.1.2}% 9
\BOOKMARK [2][-]{subsection.1.2.2}{\376\377\000R\000e\000f\000r\000e\000s\000h\000T\000o\000k\000e\000n\000D\000o\000c\000u\000m\000e\000n\000t}{section.1.2}% 10
\BOOKMARK [2][-]{subsection.1.2.3}{\376\377\000U\000s\000e\000r\000R\000e\000s\000e\000t\000T\000o\000k\000e\000n\000D\000o\000c\000u\000m\000e\000n\000t}{section.1.2}% 11
\BOOKMARK [2][-]{subsection.1.2.4}{\376\377\000P\000e\000r\000m\000i\000s\000s\000i\000o\000n\000s\000D\000o\000c\000u\000m\000e\000n\000t}{section.1.2}% 12
\BOOKMARK [1][-]{section.1.3}{\376\377\000A\000d\000m\000i\000n\000i\000s\000t\000r\000a\000t\000i\000o\000n\000\040\000C\000o\000n\000c\000e\000s\000s\000i\000o\000n\000\040\000S\000y\000s\000t\000e\000m\000\040\000A\000c\000c\000o\000u\000n\000t\000s\000\040\000S\000u\000m\000m\000a\000r\000y\000\040\000S\000e\000r\000v\000i\000c\000e}{chapter.1}% 13
\BOOKMARK [2][-]{subsection.1.3.1}{\376\377\000A\000P\000I\000\040\000D\000o\000c\000u\000m\000e\000n\000t\000a\000t\000i\000o\000n}{section.1.3}% 14
\BOOKMARK [2][-]{subsection.1.3.2}{\376\377\000C\000o\000m\000m\000a\000n\000d\000s}{section.1.3}% 15
\BOOKMARK [2][-]{subsection.1.3.3}{\376\377\000Q\000u\000e\000r\000i\000e\000s}{section.1.3}% 16
\BOOKMARK [2][-]{subsection.1.3.4}{\376\377\000I\000n\000b\000o\000x\000\040\000E\000v\000e\000n\000t\000s}{section.1.3}% 17
\BOOKMARK [2][-]{subsection.1.3.5}{\376\377\000O\000u\000t\000b\000o\000x\000\040\000E\000v\000e\000n\000t\000s}{section.1.3}% 18
\BOOKMARK [1][-]{section.1.4}{\376\377\000A\000d\000m\000i\000n\000i\000s\000t\000r\000a\000t\000i\000o\000n\000\040\000C\000o\000n\000c\000e\000s\000s\000i\000o\000n\000\040\000S\000y\000s\000t\000e\000m\000\040\000I\000n\000t\000e\000r\000n\000a\000l\000\040\000S\000t\000a\000t\000i\000s\000t\000i\000c\000s\000\040\000S\000e\000r\000v\000i\000c\000e}{chapter.1}% 19
\BOOKMARK [2][-]{subsection.1.4.1}{\376\377\000A\000P\000I\000\040\000D\000o\000c\000u\000m\000e\000n\000t\000a\000t\000i\000o\000n}{section.1.4}% 20
\BOOKMARK [2][-]{subsection.1.4.2}{\376\377\000C\000o\000m\000m\000a\000n\000d\000s}{section.1.4}% 21
\BOOKMARK [2][-]{subsection.1.4.3}{\376\377\000Q\000u\000e\000r\000i\000e\000s}{section.1.4}% 22
\BOOKMARK [2][-]{subsection.1.4.4}{\376\377\000I\000n\000b\000o\000x\000\040\000E\000v\000e\000n\000t\000s}{section.1.4}% 23
\BOOKMARK [2][-]{subsection.1.4.5}{\376\377\000O\000u\000t\000b\000o\000x\000\040\000E\000v\000e\000n\000t\000s}{section.1.4}% 24
\BOOKMARK [1][-]{section.1.5}{\376\377\000I\000n\000t\000e\000r\000n\000a\000l\000\040\000S\000t\000a\000t\000i\000s\000t\000i\000c\000s\000\040\000S\000e\000r\000v\000i\000c\000e\000\040\000D\000a\000t\000a\000b\000a\000s\000e\000\040\000D\000o\000c\000u\000m\000e\000n\000t\000a\000t\000i\000o\000n}{chapter.1}% 25
\BOOKMARK [1][-]{section.1.6}{\376\377\000A\000d\000m\000i\000n\000i\000s\000t\000r\000a\000t\000i\000o\000n\000\040\000C\000o\000n\000c\000e\000s\000s\000i\000o\000n\000\040\000S\000y\000s\000t\000e\000m\000\040\000E\000x\000t\000e\000r\000n\000a\000l\000\040\000S\000t\000a\000t\000i\000s\000t\000i\000c\000s\000\040\000S\000e\000r\000v\000i\000c\000e}{chapter.1}% 26
\BOOKMARK [2][-]{subsection.1.6.1}{\376\377\000A\000P\000I\000\040\000D\000o\000c\000u\000m\000e\000n\000t\000a\000t\000i\000o\000n}{section.1.6}% 27
\BOOKMARK [2][-]{subsection.1.6.2}{\376\377\000C\000o\000m\000m\000a\000n\000d\000s}{section.1.6}% 28
\BOOKMARK [2][-]{subsection.1.6.3}{\376\377\000Q\000u\000e\000r\000i\000e\000s}{section.1.6}% 29
\BOOKMARK [2][-]{subsection.1.6.4}{\376\377\000I\000n\000b\000o\000x\000\040\000E\000v\000e\000n\000t\000s}{section.1.6}% 30
\BOOKMARK [2][-]{subsection.1.6.5}{\376\377\000O\000u\000t\000b\000o\000x\000\040\000E\000v\000e\000n\000t\000s}{section.1.6}% 31
\BOOKMARK [1][-]{section.1.7}{\376\377\000E\000x\000t\000e\000r\000n\000a\000l\000\040\000S\000t\000a\000t\000i\000s\000t\000i\000c\000s\000\040\000S\000e\000r\000v\000i\000c\000e\000\040\000D\000a\000t\000a\000b\000a\000s\000e\000\040\000D\000o\000c\000u\000m\000e\000n\000t\000a\000t\000i\000o\000n}{chapter.1}% 32
\BOOKMARK [1][-]{section.1.8}{\376\377\000A\000d\000m\000i\000n\000i\000s\000t\000r\000a\000t\000i\000o\000n\000\040\000C\000o\000n\000c\000e\000s\000s\000i\000o\000n\000\040\000S\000y\000s\000t\000e\000m\000\040\000P\000a\000y\000m\000e\000n\000t\000s\000\040\000S\000e\000r\000v\000i\000c\000e}{chapter.1}% 33
\BOOKMARK [2][-]{subsection.1.8.1}{\376\377\000A\000P\000I\000\040\000D\000o\000c\000u\000m\000e\000n\000t\000a\000t\000i\000o\000n}{section.1.8}% 34
\BOOKMARK [2][-]{subsection.1.8.2}{\376\377\000C\000o\000m\000m\000a\000n\000d\000s}{section.1.8}% 35
\BOOKMARK [2][-]{subsection.1.8.3}{\376\377\000Q\000u\000e\000r\000i\000e\000s}{section.1.8}% 36
\BOOKMARK [2][-]{subsection.1.8.4}{\376\377\000I\000n\000b\000o\000x\000\040\000E\000v\000e\000n\000t\000s}{section.1.8}% 37
\BOOKMARK [2][-]{subsection.1.8.5}{\376\377\000O\000u\000t\000b\000o\000x\000\040\000E\000v\000e\000n\000t\000s}{section.1.8}% 38
\BOOKMARK [1][-]{section.1.9}{\376\377\000P\000a\000y\000m\000e\000n\000t\000s\000\040\000S\000e\000r\000v\000i\000c\000e\000\040\000D\000a\000t\000a\000b\000a\000s\000e\000\040\000D\000o\000c\000u\000m\000e\000n\000t\000a\000t\000i\000o\000n}{chapter.1}% 39
\BOOKMARK [1][-]{section.1.10}{\376\377\000A\000d\000m\000i\000n\000i\000s\000t\000r\000a\000t\000i\000o\000n\000\040\000C\000o\000n\000c\000e\000s\000s\000i\000o\000n\000\040\000S\000y\000s\000t\000e\000m\000\040\000P\000e\000r\000m\000i\000s\000s\000i\000o\000n\000s\000\040\000S\000e\000r\000v\000i\000c\000e}{chapter.1}% 40
\BOOKMARK [2][-]{subsection.1.10.1}{\376\377\000A\000P\000I\000\040\000D\000o\000c\000u\000m\000e\000n\000t\000a\000t\000i\000o\000n}{section.1.10}% 41
\BOOKMARK [2][-]{subsection.1.10.2}{\376\377\000C\000o\000m\000m\000a\000n\000d\000s}{section.1.10}% 42
\BOOKMARK [2][-]{subsection.1.10.3}{\376\377\000Q\000u\000e\000r\000i\000e\000s}{section.1.10}% 43
\BOOKMARK [2][-]{subsection.1.10.4}{\376\377\000I\000n\000b\000o\000x\000\040\000E\000v\000e\000n\000t\000s}{section.1.10}% 44
\BOOKMARK [2][-]{subsection.1.10.5}{\376\377\000O\000u\000t\000b\000o\000x\000\040\000E\000v\000e\000n\000t\000s}{section.1.10}% 45
\BOOKMARK [1][-]{section.1.11}{\376\377\000P\000e\000r\000m\000i\000s\000s\000i\000o\000n\000s\000\040\000S\000e\000r\000v\000i\000c\000e\000\040\000D\000a\000t\000a\000b\000a\000s\000e\000\040\000D\000o\000c\000u\000m\000e\000n\000t\000a\000t\000i\000o\000n}{chapter.1}% 46
\BOOKMARK [1][-]{section.1.12}{\376\377\000A\000d\000m\000i\000n\000i\000s\000t\000r\000a\000t\000i\000o\000n\000\040\000C\000o\000n\000c\000e\000s\000s\000i\000o\000n\000\040\000S\000y\000s\000t\000e\000m\000\040\000T\000a\000s\000k\000s\000\040\000S\000u\000m\000m\000a\000r\000y\000\040\000S\000e\000r\000v\000i\000c\000e}{chapter.1}% 47
\BOOKMARK [2][-]{subsection.1.12.1}{\376\377\000A\000P\000I\000\040\000D\000o\000c\000u\000m\000e\000n\000t\000a\000t\000i\000o\000n}{section.1.12}% 48
\BOOKMARK [2][-]{subsection.1.12.2}{\376\377\000C\000o\000m\000m\000a\000n\000d\000s}{section.1.12}% 49
\BOOKMARK [2][-]{subsection.1.12.3}{\376\377\000Q\000u\000e\000r\000i\000e\000s}{section.1.12}% 50
\BOOKMARK [2][-]{subsection.1.12.4}{\376\377\000I\000n\000b\000o\000x\000\040\000E\000v\000e\000n\000t\000s}{section.1.12}% 51
\BOOKMARK [2][-]{subsection.1.12.5}{\376\377\000O\000u\000t\000b\000o\000x\000\040\000E\000v\000e\000n\000t\000s}{section.1.12}% 52
\BOOKMARK [1][-]{section.1.13}{\376\377\000T\000a\000s\000k\000s\000\040\000S\000u\000m\000m\000a\000r\000y\000\040\000S\000e\000r\000v\000i\000c\000e\000\040\000D\000a\000t\000a\000b\000a\000s\000e\000\040\000D\000o\000c\000u\000m\000e\000n\000t\000a\000t\000i\000o\000n}{chapter.1}% 53
\BOOKMARK [1][-]{section.1.14}{\376\377\000A\000d\000m\000i\000n\000i\000s\000t\000r\000a\000t\000i\000o\000n\000\040\000C\000o\000n\000c\000e\000s\000s\000i\000o\000n\000\040\000S\000y\000s\000t\000e\000m\000\040\000P\000a\000y\000m\000e\000n\000t\000s\000\040\000S\000e\000r\000v\000i\000c\000e}{chapter.1}% 54
\BOOKMARK [2][-]{subsection.1.14.1}{\376\377\000A\000P\000I\000\040\000D\000o\000c\000u\000m\000e\000n\000t\000a\000t\000i\000o\000n}{section.1.14}% 55
\BOOKMARK [2][-]{subsection.1.14.2}{\376\377\000C\000o\000m\000m\000a\000n\000d\000s}{section.1.14}% 56
\BOOKMARK [2][-]{subsection.1.14.3}{\376\377\000Q\000u\000e\000r\000i\000e\000s}{section.1.14}% 57
\BOOKMARK [2][-]{subsection.1.14.4}{\376\377\000I\000n\000b\000o\000x\000\040\000E\000v\000e\000n\000t\000s}{section.1.14}% 58
\BOOKMARK [2][-]{subsection.1.14.5}{\376\377\000O\000u\000t\000b\000o\000x\000\040\000E\000v\000e\000n\000t\000s}{section.1.14}% 59
\BOOKMARK [1][-]{section.1.15}{\376\377\000P\000a\000y\000m\000e\000n\000t\000s\000\040\000S\000e\000r\000v\000i\000c\000e\000\040\000D\000a\000t\000a\000b\000a\000s\000e\000\040\000D\000o\000c\000u\000m\000e\000n\000t\000a\000t\000i\000o\000n}{chapter.1}% 60
\BOOKMARK [0][-]{chapter.2}{\376\377\000C\000R\000M\000\040\000S\000y\000s\000t\000e\000m}{}% 61
